<?xml version="1.0" encoding="UTF-8"?>
<!-- Generated by org.testng.reporters.JUnitReportReporter -->
<testsuite hostname="DESKTOP-APORDVE" failures="0" tests="1" name="rahulShettyAcademy.Tests.SubmitOrderTest" time="6.788" errors="0" timestamp="2024-04-09T17:09:41 IST" skipped="0">
  <testcase classname="rahulShettyAcademy.Tests.SubmitOrderTest" name="SubmitOrder" time="6.788"/>
</testsuite> <!-- rahulShettyAcademy.Tests.SubmitOrderTest -->
